INFO: 2022-12-30 09:12:22,949: main() 'Using profile folder /home/max/.config/variety/'
INFO: 2022-12-30 09:12:22,950: perform_upgrade() 'Last run version was 0.8.9 or earlier, current version is 0.8.9'
INFO: 2022-12-30 09:12:23,002: process_command() 'Received command: ['--profile', '/home/max/.config/variety/']'
INFO: 2022-12-30 09:12:23,003: start() 'Using data_path /usr/share/variety'
INFO: 2022-12-30 09:12:23,003: load() 'Jumble loading'
INFO: 2022-12-30 09:12:23,003: _walk_modules() 'Jumble loading module in __init__ from /usr/lib/python3/dist-packages/variety/plugins/builtin/__init__.py'
INFO: 2022-12-30 09:12:23,004: _walk_modules() 'Jumble loading module in __init__ from /usr/lib/python3/dist-packages/variety/plugins/builtin/quotes/__init__.py'
INFO: 2022-12-30 09:12:23,004: _walk_modules() 'Jumble loading module in FortuneSource from /usr/lib/python3/dist-packages/variety/plugins/builtin/quotes/FortuneSource.py'
INFO: 2022-12-30 09:12:23,004: load() 'Jumble found plugin class: <class 'FortuneSource.FortuneSource'>: {'name': 'UNIX fortune program', 'description': 'Displays quotes using the UNIX fortune program. You may want to install additional fortune packs, e.g. fortunes-bofh-excuses.', 'author': 'Dan Jones', 'version': '0.1'}'
INFO: 2022-12-30 09:12:23,004: _walk_modules() 'Jumble loading module in GoodreadsSource from /usr/lib/python3/dist-packages/variety/plugins/builtin/quotes/GoodreadsSource.py'
INFO: 2022-12-30 09:12:23,017: load() 'Jumble found plugin class: <class 'GoodreadsSource.GoodreadsSource'>: {'name': 'Goodreads', 'description': 'Fetches quotes from Goodreads.com', 'author': 'Peter Levi', 'version': '0.1'}'
INFO: 2022-12-30 09:12:23,018: _walk_modules() 'Jumble loading module in UrbanDictionarySource from /usr/lib/python3/dist-packages/variety/plugins/builtin/quotes/UrbanDictionarySource.py'
INFO: 2022-12-30 09:12:23,018: load() 'Jumble found plugin class: <class 'UrbanDictionarySource.UrbanDictionarySource'>: {'name': 'Urban Dictionary', 'description': 'Displays definitions from Urban Dictionary', 'author': 'James Miller', 'version': '0.1'}'
INFO: 2022-12-30 09:12:23,018: _walk_modules() 'Jumble loading module in LocalFilesSource from /usr/lib/python3/dist-packages/variety/plugins/builtin/quotes/LocalFilesSource.py'
INFO: 2022-12-30 09:12:23,018: load() 'Jumble found plugin class: <class 'LocalFilesSource.LocalFilesSource'>: {'name': 'Local text files', 'description': 'Displays quotes, defined in local text files.\nPut your own txt files in: /home/max/.config/variety/pluginconfig/quotes/.\nThe file format is:\n\nquote -- author\n.\nsecond quote -- another author\n.\netc...\n\nExample: http://rvelthuis.de/zips/quotes.txt', 'author': 'Peter Levi', 'version': '0.1'}'
INFO: 2022-12-30 09:12:23,019: _walk_modules() 'Jumble loading module in QuotationsPageSource from /usr/lib/python3/dist-packages/variety/plugins/builtin/quotes/QuotationsPageSource.py'
INFO: 2022-12-30 09:12:23,019: load() 'Jumble found plugin class: <class 'QuotationsPageSource.QuotationsPageSource'>: {'name': 'TheQuotationsPage.com', 'description': 'Fetches quotes from TheQuotationsPage.com', 'author': 'Peter Levi', 'version': '0.1'}'
INFO: 2022-12-30 09:12:23,019: _walk_modules() 'Jumble loading module in ResizingDisplayModesPlugin from /usr/lib/python3/dist-packages/variety/plugins/builtin/display_modes/ResizingDisplayModesPlugin.py'
INFO: 2022-12-30 09:12:23,019: load() 'Jumble found plugin class: <class 'ResizingDisplayModesPlugin.ResizingDisplayModesPlugin'>: {'name': 'ResizingDisplayModesPlugin', 'description': 'Display modes that use image resizing within Variety', 'version': '1.0', 'author': 'Peter Levi'}'
INFO: 2022-12-30 09:12:23,019: _walk_modules() 'Jumble loading module in __init__ from /usr/lib/python3/dist-packages/variety/plugins/builtin/display_modes/__init__.py'
INFO: 2022-12-30 09:12:23,020: _walk_modules() 'Jumble loading module in GnomeDisplayModesPlugin from /usr/lib/python3/dist-packages/variety/plugins/builtin/display_modes/GnomeDisplayModesPlugin.py'
INFO: 2022-12-30 09:12:23,020: load() 'Jumble found plugin class: <class 'GnomeDisplayModesPlugin.GnomeDisplayModesPlugin'>: {'name': 'GnomeDisplayModesPlugin', 'description': 'Display modes relying on the underlying desktop environment', 'version': '1.0', 'author': 'Peter Levi'}'
INFO: 2022-12-30 09:12:23,020: _walk_modules() 'Jumble loading module in LegacyDisplayModesPlugin from /usr/lib/python3/dist-packages/variety/plugins/builtin/display_modes/LegacyDisplayModesPlugin.py'
INFO: 2022-12-30 09:12:23,020: load() 'Jumble found plugin class: <class 'LegacyDisplayModesPlugin.LegacyDisplayModesPlugin'>: {'name': 'LegacyDisplayModesPlugin', 'description': 'Legacy display mode for compatibility with past Variety versions', 'version': '1.0', 'author': 'Peter Levi'}'
INFO: 2022-12-30 09:12:23,020: _walk_modules() 'Jumble loading module in WallhavenSource from /usr/lib/python3/dist-packages/variety/plugins/builtin/downloaders/WallhavenSource.py'
INFO: 2022-12-30 09:12:23,021: load() 'Jumble found plugin class: <class 'WallhavenSource.WallhavenSource'>: {'name': 'WallhavenSource', 'description': 'Configurable source for fetching images from Wallhaven.cc', 'author': 'Peter Levi', 'version': '0.1'}'
INFO: 2022-12-30 09:12:23,021: _walk_modules() 'Jumble loading module in APODDownloader from /usr/lib/python3/dist-packages/variety/plugins/builtin/downloaders/APODDownloader.py'
INFO: 2022-12-30 09:12:23,021: load() 'Jumble found plugin class: <class 'APODDownloader.APODDownloader'>: {'name': 'APODDownloader', 'description': 'NASA Astro Pic of the Day', 'author': 'Peter Levi', 'version': '0.1'}'
INFO: 2022-12-30 09:12:23,022: _walk_modules() 'Jumble loading module in __init__ from /usr/lib/python3/dist-packages/variety/plugins/builtin/downloaders/__init__.py'
INFO: 2022-12-30 09:12:23,022: _walk_modules() 'Jumble loading module in ArtStationDownloader from /usr/lib/python3/dist-packages/variety/plugins/builtin/downloaders/ArtStationDownloader.py'
INFO: 2022-12-30 09:12:23,022: _walk_modules() 'Jumble loading module in BingDownloader from /usr/lib/python3/dist-packages/variety/plugins/builtin/downloaders/BingDownloader.py'
INFO: 2022-12-30 09:12:23,022: load() 'Jumble found plugin class: <class 'BingDownloader.BingDownloader'>: {'name': 'BingDownloader', 'description': 'Bing Photo of the Day', 'author': 'Peter Levi', 'version': '0.1'}'
INFO: 2022-12-30 09:12:23,022: _walk_modules() 'Jumble loading module in MediaRSSSource from /usr/lib/python3/dist-packages/variety/plugins/builtin/downloaders/MediaRSSSource.py'
INFO: 2022-12-30 09:12:23,023: load() 'Jumble found plugin class: <class 'MediaRSSSource.MediaRSSSource'>: {'name': 'MediaRSSSource', 'description': 'Configurable source for fetching images from MediaRSS feeds', 'author': 'Peter Levi', 'version': '0.1'}'
INFO: 2022-12-30 09:12:23,023: _walk_modules() 'Jumble loading module in NationalGeographicDownloader from /usr/lib/python3/dist-packages/variety/plugins/builtin/downloaders/NationalGeographicDownloader.py'
INFO: 2022-12-30 09:12:23,023: load() 'Jumble found plugin class: <class 'NationalGeographicDownloader.NationalGeographicDownloader'>: {'name': 'NationalGeographicDownloader', 'description': "National Geographic's photo of the day", 'author': 'Eric Rösch', 'version': '0.1'}'
INFO: 2022-12-30 09:12:23,023: _walk_modules() 'Jumble loading module in WallhavenDownloader from /usr/lib/python3/dist-packages/variety/plugins/builtin/downloaders/WallhavenDownloader.py'
INFO: 2022-12-30 09:12:23,024: _walk_modules() 'Jumble loading module in MediaRSSDownloader from /usr/lib/python3/dist-packages/variety/plugins/builtin/downloaders/MediaRSSDownloader.py'
INFO: 2022-12-30 09:12:23,024: _walk_modules() 'Jumble loading module in UnsplashDownloader from /usr/lib/python3/dist-packages/variety/plugins/builtin/downloaders/UnsplashDownloader.py'
INFO: 2022-12-30 09:12:23,024: load() 'Jumble found plugin class: <class 'UnsplashDownloader.UnsplashDownloader'>: {'name': 'UnsplashDownloader', 'description': 'High-resolution photos from Unsplash.com', 'author': 'Peter Levi', 'version': '0.1'}'
INFO: 2022-12-30 09:12:23,024: _walk_modules() 'Jumble loading module in RedditDownloader from /usr/lib/python3/dist-packages/variety/plugins/builtin/downloaders/RedditDownloader.py'
INFO: 2022-12-30 09:12:23,024: _walk_modules() 'Jumble loading module in RedditSource from /usr/lib/python3/dist-packages/variety/plugins/builtin/downloaders/RedditSource.py'
INFO: 2022-12-30 09:12:23,025: load() 'Jumble found plugin class: <class 'RedditSource.RedditSource'>: {'name': 'RedditSource', 'description': 'Configurable source for fetching images from Reddit', 'author': 'Peter Levi', 'version': '0.1'}'
INFO: 2022-12-30 09:12:23,025: _walk_modules() 'Jumble loading module in UnsplashConfigurableSource from /usr/lib/python3/dist-packages/variety/plugins/builtin/downloaders/UnsplashConfigurableSource.py'
INFO: 2022-12-30 09:12:23,025: load() 'Jumble found plugin class: <class 'UnsplashConfigurableSource.UnsplashConfigurableSource'>: {'name': 'UnsplashConfigurableSource', 'description': 'Configurable source for fetching photos from Unsplash.com', 'author': 'Peter Levi', 'version': '0.1'}'
INFO: 2022-12-30 09:12:23,026: _walk_modules() 'Jumble loading module in ArtStationSource from /usr/lib/python3/dist-packages/variety/plugins/builtin/downloaders/ArtStationSource.py'
INFO: 2022-12-30 09:12:23,026: load() 'Jumble found plugin class: <class 'ArtStationSource.ArtStationSource'>: {'name': 'ArtStationSource', 'description': 'Configurable source for fetching images from ArtStation', 'author': 'Denis Gordeev', 'version': '0.1'}'
INFO: 2022-12-30 09:12:23,026: _walk_modules() 'Jumble loading module in EarthviewDownloader from /usr/lib/python3/dist-packages/variety/plugins/builtin/downloaders/EarthviewDownloader.py'
INFO: 2022-12-30 09:12:23,026: load() 'Jumble found plugin class: <class 'EarthviewDownloader.EarthviewDownloader'>: {'name': 'EarthviewDownloader', 'description': 'Google Earth View Wallpapers', 'author': 'Peter Levi', 'version': '0.1'}'
INFO: 2022-12-30 09:12:23,026: _walk_modules() 'Jumble loading module in WallhavenLegacyDownloader from /usr/lib/python3/dist-packages/variety/plugins/builtin/downloaders/WallhavenLegacyDownloader.py'
INFO: 2022-12-30 09:12:23,032: log_options() 'Loaded options:'
INFO: 2022-12-30 09:12:23,032: log_options() 'change_enabled = True'
INFO: 2022-12-30 09:12:23,032: log_options() 'change_interval = 10'
INFO: 2022-12-30 09:12:23,032: log_options() 'change_on_start = True'
INFO: 2022-12-30 09:12:23,032: log_options() 'clipboard_enabled = False'
INFO: 2022-12-30 09:12:23,032: log_options() 'clipboard_hosts = ['wallhaven.cc', 'wallpapers.net', 'flickr.com', 'imgur.com', 'deviantart.com', 'interfacelift.com', 'vladstudio.com', 'imageshack.us', 'deviantart.net', 'imageshack.com']'
INFO: 2022-12-30 09:12:23,032: log_options() 'clipboard_use_whitelist = True'
INFO: 2022-12-30 09:12:23,032: log_options() 'clock_date_font = Serif 30'
INFO: 2022-12-30 09:12:23,032: log_options() 'clock_enabled = False'
INFO: 2022-12-30 09:12:23,032: log_options() 'clock_filter = -density 100 -font `fc-match -f '%{file[0]}' '%CLOCK_FONT_NAME'` -pointsize %CLOCK_FONT_SIZE -gravity SouthEast -fill '#00000044' -annotate 0x0+[%HOFFSET+58]+[%VOFFSET+108] '%H:%M' -fill white -annotate 0x0+[%HOFFSET+60]+[%VOFFSET+110] '%H:%M' -font `fc-match -f '%{file[0]}' '%DATE_FONT_NAME'` -pointsize %DATE_FONT_SIZE -fill '#00000044' -annotate 0x0+[%HOFFSET+58]+[%VOFFSET+58] '%A, %B %d' -fill white -annotate 0x0+[%HOFFSET+60]+[%VOFFSET+60] '%A, %B %d''
INFO: 2022-12-30 09:12:23,032: log_options() 'clock_font = Serif 70'
INFO: 2022-12-30 09:12:23,032: log_options() 'configfile = /home/max/.config/variety/variety.conf'
INFO: 2022-12-30 09:12:23,032: log_options() 'copyto_enabled = False'
INFO: 2022-12-30 09:12:23,032: log_options() 'copyto_folder = Default'
INFO: 2022-12-30 09:12:23,032: log_options() 'desired_color = [160, 160, 160]'
INFO: 2022-12-30 09:12:23,032: log_options() 'desired_color_enabled = False'
INFO: 2022-12-30 09:12:23,032: log_options() 'download_folder = /home/max/.config/variety/Downloaded'
INFO: 2022-12-30 09:12:23,032: log_options() 'download_preference_ratio = 0.9'
INFO: 2022-12-30 09:12:23,032: log_options() 'favorites_folder = /home/max/.config/variety/Favorites'
INFO: 2022-12-30 09:12:23,032: log_options() 'favorites_operations = [['Downloaded', 'Copy'], ['Fetched', 'Move'], ['Others', 'Copy']]'
INFO: 2022-12-30 09:12:23,033: log_options() 'fetched_folder = /home/max/.config/variety/Fetched'
INFO: 2022-12-30 09:12:23,033: log_options() 'filters = [[False, 'Keep original', ''], [False, 'Grayscale', '-type Grayscale'], [False, 'Heavy blur', '-scale 20% -blur 0x10 -resize 500%'], [False, 'Soft blur', '-scale 20% -blur 0x2 -resize 500%'], [False, 'Oil painting', '-paint 8'], [False, 'Pointilism', '-spread 10 -noise 3'], [False, 'Pixellate', '-scale 3% -scale 3333%']]'
INFO: 2022-12-30 09:12:23,033: log_options() 'get_wallpaper_script = /home/max/.config/variety/scripts/get_wallpaper'
INFO: 2022-12-30 09:12:23,033: log_options() 'icon = Dark'
INFO: 2022-12-30 09:12:23,033: log_options() 'internet_enabled = False'
INFO: 2022-12-30 09:12:23,033: log_options() 'lightness_enabled = False'
INFO: 2022-12-30 09:12:23,033: log_options() 'lightness_mode = 0'
INFO: 2022-12-30 09:12:23,033: log_options() 'min_rating = 4'
INFO: 2022-12-30 09:12:23,033: log_options() 'min_rating_enabled = False'
INFO: 2022-12-30 09:12:23,033: log_options() 'min_size = 80'
INFO: 2022-12-30 09:12:23,033: log_options() 'min_size_enabled = False'
INFO: 2022-12-30 09:12:23,033: log_options() 'quota_enabled = True'
INFO: 2022-12-30 09:12:23,033: log_options() 'quota_size = 1000'
INFO: 2022-12-30 09:12:23,033: log_options() 'quotes_authors = '
INFO: 2022-12-30 09:12:23,033: log_options() 'quotes_bg_color = [80, 80, 80]'
INFO: 2022-12-30 09:12:23,033: log_options() 'quotes_bg_opacity = 0'
INFO: 2022-12-30 09:12:23,033: log_options() 'quotes_change_enabled = False'
INFO: 2022-12-30 09:12:23,033: log_options() 'quotes_change_interval = 300'
INFO: 2022-12-30 09:12:23,033: log_options() 'quotes_disabled_sources = ['Urban Dictionary']'
INFO: 2022-12-30 09:12:23,033: log_options() 'quotes_enabled = True'
INFO: 2022-12-30 09:12:23,033: log_options() 'quotes_favorites_file = /home/max/.config/variety/favorite_quotes.txt'
INFO: 2022-12-30 09:12:23,033: log_options() 'quotes_font = Serif 30'
INFO: 2022-12-30 09:12:23,033: log_options() 'quotes_hpos = 100'
INFO: 2022-12-30 09:12:23,033: log_options() 'quotes_max_length = 250'
INFO: 2022-12-30 09:12:23,033: log_options() 'quotes_tags = '
INFO: 2022-12-30 09:12:23,033: log_options() 'quotes_text_color = [255, 255, 255]'
INFO: 2022-12-30 09:12:23,033: log_options() 'quotes_text_shadow = False'
INFO: 2022-12-30 09:12:23,033: log_options() 'quotes_vpos = 100'
INFO: 2022-12-30 09:12:23,033: log_options() 'quotes_width = 70'
INFO: 2022-12-30 09:12:23,033: log_options() 'safe_mode = False'
INFO: 2022-12-30 09:12:23,033: log_options() 'set_wallpaper_script = /home/max/.config/variety/scripts/set_wallpaper'
INFO: 2022-12-30 09:12:23,033: log_options() 'slideshow_custom_enabled = False'
INFO: 2022-12-30 09:12:23,033: log_options() 'slideshow_custom_folder = /home/max/Pictures'
INFO: 2022-12-30 09:12:23,033: log_options() 'slideshow_downloads_enabled = False'
INFO: 2022-12-30 09:12:23,033: log_options() 'slideshow_fade = 0.4'
INFO: 2022-12-30 09:12:23,033: log_options() 'slideshow_favorites_enabled = True'
INFO: 2022-12-30 09:12:23,033: log_options() 'slideshow_mode = Fullscreen'
INFO: 2022-12-30 09:12:23,033: log_options() 'slideshow_monitor = All'
INFO: 2022-12-30 09:12:23,033: log_options() 'slideshow_pan = 0.05'
INFO: 2022-12-30 09:12:23,033: log_options() 'slideshow_seconds = 6.0'
INFO: 2022-12-30 09:12:23,033: log_options() 'slideshow_sort_order = Random'
INFO: 2022-12-30 09:12:23,033: log_options() 'slideshow_sources_enabled = True'
INFO: 2022-12-30 09:12:23,033: log_options() 'slideshow_zoom = 0.2'
INFO: 2022-12-30 09:12:23,033: log_options() 'smart_enabled = False'
INFO: 2022-12-30 09:12:23,033: log_options() 'smart_notice_shown = False'
INFO: 2022-12-30 09:12:23,033: log_options() 'smart_register_shown = False'
INFO: 2022-12-30 09:12:23,033: log_options() 'sources = [[True, 'folder', '/home/max/.local/share/backgrounds'], [False, 'favorites', 'The Favorites folder'], [False, 'fetched', 'The Fetched folder'], [False, 'folder', '/usr/share/backgrounds'], [False, 'flickr', 'user:www.flickr.com/photos/peter-levi/;user_id:93647178@N00;'], [False, 'apod', "NASA's Astronomy Picture of the Day"], [False, 'bing', 'Bing Photo of the Day'], [False, 'earthview', 'Google Earth View Wallpapers'], [False, 'natgeo', "National Geographic's photo of the day"], [False, 'unsplash', 'High-resolution photos from Unsplash.com']]'
INFO: 2022-12-30 09:12:23,033: log_options() 'stats_enabled = True'
INFO: 2022-12-30 09:12:23,033: log_options() 'stats_notice_shown = False'
INFO: 2022-12-30 09:12:23,033: log_options() 'sync_enabled = True'
INFO: 2022-12-30 09:12:23,033: log_options() 'use_landscape_enabled = True'
INFO: 2022-12-30 09:12:23,033: log_options() 'wallhaven_api_key = '
INFO: 2022-12-30 09:12:23,033: log_options() 'wallpaper_auto_rotate = False'
INFO: 2022-12-30 09:12:23,033: log_options() 'wallpaper_display_mode = zoom'
INFO: 2022-12-30 09:12:23,033: reload_config() 'No need to clear prepared queue'
INFO: 2022-12-30 09:12:23,033: start() 'Starting QuotesEngine'
INFO: 2022-12-30 09:12:23,034: prepare_thread() 'Quotes prepare thread running'
INFO: 2022-12-30 09:12:23,034: regular_change_thread() 'Quotes regular change thread running'
INFO: 2022-12-30 09:12:23,034: prepare_thread() 'Quotes prepared buffer contains 0 quotes, fetching a quote'
INFO: 2022-12-30 09:12:23,034: on_options_updated() 'Quotes: clearing prepared and updating plugins'
INFO: 2022-12-30 09:12:23,034: update_indicator() 'Setting file info to: /home/max/.local/share/backgrounds/GI-House.jpg'
WARNING: 2022-12-30 09:12:23,034: get_one_quote() 'No quotes for '' for plugin Local text files'
INFO: 2022-12-30 09:12:23,036: load_banned() 'Missing or invalid banned URLs list, no URLs will be banned'
INFO: 2022-12-30 09:12:23,036: load_last_change_time() 'Change interval < 6 hours, ignore persisted last_change_time, wait initially the whole interval: 10'
INFO: 2022-12-30 09:12:23,036: update_indicator() 'Setting file info to: /home/max/.local/share/backgrounds/GI-House.jpg'
INFO: 2022-12-30 09:12:23,036: regular_change_thread() 'regular_change thread running'
INFO: 2022-12-30 09:12:23,036: prepare_thread() 'Prepare thread running'
INFO: 2022-12-30 09:12:23,036: prepare_thread() 'Prepared buffer contains 0 images'
INFO: 2022-12-30 09:12:23,036: prepare_thread() 'Preparing some images'
INFO: 2022-12-30 09:12:23,040: do_set_wp() 'Calling do_set_wp with /home/max/.local/share/backgrounds/GI-House.jpg, time: 1672416743.0401943'
INFO: 2022-12-30 09:12:23,042: apply_display_mode() 'ImageMagick display mode cmd: convert /home/max/.local/share/backgrounds/GI-House.jpg -scale 3006x2004^  /home/max/.config/variety/wallpaper/wallpaper-zoomed-fbf88078c22908392e59081c8fdad58d.jpg'
INFO: 2022-12-30 09:12:23,043: prepare_thread() 'After search prepared buffer contains 25 images'
INFO: 2022-12-30 09:12:23,052: update_indicator_icon() 'Creating indicator'
WARNING: 2022-12-30 09:12:23,055: create_menu() 'Variety Slideshow is not installed. This is an optional extension adding pan-and-zoom slideshows to Variety: see https://github.com/peterlevi/variety-slideshow for details'
INFO: 2022-12-30 09:12:23,055: create_indicator() 'indicator backend: AyatanaAppIndicator3'
INFO: 2022-12-30 09:12:23,063: set_from_theme_icon() 'Showing indicator icon variety-indicator-dark from GTK theme'
INFO: 2022-12-30 09:12:23,367: compute_trimmed_offsets() 'Trimmed offsets debug info: w:3006, h:2004, ratio:1.500000, iw:3563, ih:2004, scw:3563, sch:2004, ho:278, vo:0'
INFO: 2022-12-30 09:12:23,425: update_indicator() 'Setting file info to: /home/max/.local/share/backgrounds/GI-House.jpg'
INFO: 2022-12-30 09:12:24,040: do_set_wp() 'Calling do_set_wp with /home/max/.local/share/backgrounds/GI-House.jpg, time: 1672416744.0405378'
INFO: 2022-12-30 09:12:24,041: apply_display_mode() 'ImageMagick display mode cmd: convert /home/max/.local/share/backgrounds/GI-House.jpg -scale 3006x2004^  /home/max/.config/variety/wallpaper/wallpaper-zoomed-5fcf24607074f62c12d53fb538e15f63.jpg'
INFO: 2022-12-30 09:12:24,180: reload() 'Reloading preferences dialog'
INFO: 2022-12-30 09:12:24,376: compute_trimmed_offsets() 'Trimmed offsets debug info: w:3006, h:2004, ratio:1.500000, iw:3563, ih:2004, scw:3563, sch:2004, ho:278, vo:0'
INFO: 2022-12-30 09:12:24,422: update_indicator() 'Setting file info to: /home/max/.local/share/backgrounds/GI-House.jpg'
INFO: 2022-12-30 09:12:25,042: prepare_thread() 'Quotes prepared buffer contains 0 quotes, fetching a quote'
INFO: 2022-12-30 09:12:25,043: trigger_download() 'Triggering download thread to check if download needed and possible'
INFO: 2022-12-30 09:12:27,049: prepare_thread() 'Quotes prepared buffer contains 1 quotes, fetching a quote'
INFO: 2022-12-30 09:12:28,037: set_wallpaper() 'Calling set_wallpaper with /home/max/.local/share/backgrounds/Thio-Joe1.jpg'
INFO: 2022-12-30 09:12:28,038: prepare_thread() 'Prepared buffer contains 24 images'
INFO: 2022-12-30 09:12:28,038: do_set_wp() 'Calling do_set_wp with /home/max/.local/share/backgrounds/Thio-Joe1.jpg, time: 1672416748.0386457'
INFO: 2022-12-30 09:12:28,039: apply_display_mode() 'ImageMagick display mode cmd: convert /home/max/.local/share/backgrounds/Thio-Joe1.jpg -scale 3006x2004^  /home/max/.config/variety/wallpaper/wallpaper-zoomed-dd539687f92104157979cd35c2adf5a0.jpg'
INFO: 2022-12-30 09:12:29,062: prepare_thread() 'Quotes prepared buffer contains 1 quotes, fetching a quote'
INFO: 2022-12-30 09:12:29,115: compute_trimmed_offsets() 'Trimmed offsets debug info: w:3006, h:2004, ratio:1.500000, iw:3563, ih:2004, scw:3563, sch:2004, ho:278, vo:0'
INFO: 2022-12-30 09:12:29,166: update_indicator() 'Setting file info to: /home/max/.local/share/backgrounds/Thio-Joe1.jpg'
INFO: 2022-12-30 09:12:30,039: trigger_download() 'Triggering download thread to check if download needed and possible'
INFO: 2022-12-30 09:12:31,066: prepare_thread() 'Quotes prepared buffer contains 2 quotes, fetching a quote'
INFO: 2022-12-30 09:12:33,076: prepare_thread() 'Quotes prepared buffer contains 3 quotes, fetching a quote'
WARNING: 2022-12-30 09:12:33,076: get_one_quote() 'No quotes for '' for plugin Local text files'
INFO: 2022-12-30 09:12:35,090: prepare_thread() 'Quotes prepared buffer contains 4 quotes, fetching a quote'
INFO: 2022-12-30 09:12:37,104: prepare_thread() 'Quotes prepared buffer contains 5 quotes, fetching a quote'
INFO: 2022-12-30 09:12:39,118: prepare_thread() 'Quotes prepared buffer contains 6 quotes, fetching a quote'
WARNING: 2022-12-30 09:12:39,118: get_one_quote() 'No quotes for '' for plugin Local text files'
INFO: 2022-12-30 09:12:39,230: regular_change_thread() 'regular_change changes wallpaper'
INFO: 2022-12-30 09:12:39,230: set_wallpaper() 'Calling set_wallpaper with /home/max/.local/share/backgrounds/Galaxy2.jpg'
INFO: 2022-12-30 09:12:39,231: do_set_wp() 'Calling do_set_wp with /home/max/.local/share/backgrounds/Galaxy2.jpg, time: 1672416759.231072'
INFO: 2022-12-30 09:12:39,231: prepare_thread() 'Prepared buffer contains 23 images'
INFO: 2022-12-30 09:12:39,232: apply_display_mode() 'ImageMagick display mode cmd: convert /home/max/.local/share/backgrounds/Galaxy2.jpg -scale 3006x2004^  /home/max/.config/variety/wallpaper/wallpaper-zoomed-c00c453a03b362535ababbf077bbfd69.jpg'
INFO: 2022-12-30 09:12:39,422: compute_trimmed_offsets() 'Trimmed offsets debug info: w:3006, h:2004, ratio:1.500000, iw:3006, ih:2053, scw:3006, sch:2053, ho:0, vo:24'
INFO: 2022-12-30 09:12:39,465: update_indicator() 'Setting file info to: /home/max/.local/share/backgrounds/Galaxy2.jpg'
INFO: 2022-12-30 09:12:41,126: prepare_thread() 'Quotes prepared buffer contains 6 quotes, fetching a quote'
INFO: 2022-12-30 09:12:41,232: trigger_download() 'Triggering download thread to check if download needed and possible'
INFO: 2022-12-30 09:12:43,131: prepare_thread() 'Quotes prepared buffer contains 7 quotes, fetching a quote'
INFO: 2022-12-30 09:12:44,194: process_command() 'Received command: ['--preferences']'
INFO: 2022-12-30 09:12:44,196: reload() 'Reloading preferences dialog'
INFO: 2022-12-30 09:12:45,141: prepare_thread() 'Quotes prepared buffer contains 8 quotes, fetching a quote'
WARNING: 2022-12-30 09:12:45,141: get_one_quote() 'No quotes for '' for plugin Local text files'
INFO: 2022-12-30 09:12:47,149: prepare_thread() 'Quotes prepared buffer contains 9 quotes, fetching a quote'
INFO: 2022-12-30 09:12:49,529: regular_change_thread() 'regular_change changes wallpaper'
INFO: 2022-12-30 09:12:49,530: set_wallpaper() 'Calling set_wallpaper with /home/max/.local/share/backgrounds/Forest3.jpg'
INFO: 2022-12-30 09:12:49,530: prepare_thread() 'Quotes prepared buffer contains 9 quotes, fetching a quote'
WARNING: 2022-12-30 09:12:49,530: get_one_quote() 'No quotes for '' for plugin Local text files'
INFO: 2022-12-30 09:12:49,531: prepare_thread() 'Prepared buffer contains 22 images'
INFO: 2022-12-30 09:12:49,532: do_set_wp() 'Calling do_set_wp with /home/max/.local/share/backgrounds/Forest3.jpg, time: 1672416769.5327666'
INFO: 2022-12-30 09:12:49,533: apply_display_mode() 'ImageMagick display mode cmd: convert /home/max/.local/share/backgrounds/Forest3.jpg -scale 3006x2004^  /home/max/.config/variety/wallpaper/wallpaper-zoomed-585c35ce4b4ce2eb4d9ee4a824fbf493.jpg'
INFO: 2022-12-30 09:12:49,772: compute_trimmed_offsets() 'Trimmed offsets debug info: w:3006, h:2004, ratio:1.500000, iw:3006, ih:2405, scw:3006, sch:2405, ho:0, vo:200'
INFO: 2022-12-30 09:12:49,818: update_indicator() 'Setting file info to: /home/max/.local/share/backgrounds/Forest3.jpg'
INFO: 2022-12-30 09:12:51,533: trigger_download() 'Triggering download thread to check if download needed and possible'
INFO: 2022-12-30 09:12:52,093: apply() 'Applying preferences'
INFO: 2022-12-30 09:12:52,096: set_visible() 'Showing indicator icon'
INFO: 2022-12-30 09:12:52,097: log_options() 'Loaded options:'
INFO: 2022-12-30 09:12:52,097: log_options() 'change_enabled = True'
INFO: 2022-12-30 09:12:52,097: log_options() 'change_interval = 600'
INFO: 2022-12-30 09:12:52,097: log_options() 'change_on_start = True'
INFO: 2022-12-30 09:12:52,097: log_options() 'clipboard_enabled = False'
INFO: 2022-12-30 09:12:52,097: log_options() 'clipboard_hosts = ['wallhaven.cc', 'wallpapers.net', 'flickr.com', 'imgur.com', 'deviantart.com', 'interfacelift.com', 'vladstudio.com', 'imageshack.us', 'deviantart.net', 'imageshack.com']'
INFO: 2022-12-30 09:12:52,097: log_options() 'clipboard_use_whitelist = True'
INFO: 2022-12-30 09:12:52,097: log_options() 'clock_date_font = Serif 30'
INFO: 2022-12-30 09:12:52,097: log_options() 'clock_enabled = False'
INFO: 2022-12-30 09:12:52,097: log_options() 'clock_filter = -density 100 -font `fc-match -f '%{file[0]}' '%CLOCK_FONT_NAME'` -pointsize %CLOCK_FONT_SIZE -gravity SouthEast -fill '#00000044' -annotate 0x0+[%HOFFSET+58]+[%VOFFSET+108] '%H:%M' -fill white -annotate 0x0+[%HOFFSET+60]+[%VOFFSET+110] '%H:%M' -font `fc-match -f '%{file[0]}' '%DATE_FONT_NAME'` -pointsize %DATE_FONT_SIZE -fill '#00000044' -annotate 0x0+[%HOFFSET+58]+[%VOFFSET+58] '%A, %B %d' -fill white -annotate 0x0+[%HOFFSET+60]+[%VOFFSET+60] '%A, %B %d''
INFO: 2022-12-30 09:12:52,097: log_options() 'clock_font = Serif 70'
INFO: 2022-12-30 09:12:52,097: log_options() 'configfile = /home/max/.config/variety/variety.conf'
INFO: 2022-12-30 09:12:52,097: log_options() 'copyto_enabled = False'
INFO: 2022-12-30 09:12:52,097: log_options() 'copyto_folder = Default'
INFO: 2022-12-30 09:12:52,097: log_options() 'desired_color = [160, 160, 160]'
INFO: 2022-12-30 09:12:52,097: log_options() 'desired_color_enabled = False'
INFO: 2022-12-30 09:12:52,097: log_options() 'download_folder = /home/max/.config/variety/Downloaded'
INFO: 2022-12-30 09:12:52,097: log_options() 'download_preference_ratio = 0.9'
INFO: 2022-12-30 09:12:52,097: log_options() 'favorites_folder = /home/max/.config/variety/Favorites'
INFO: 2022-12-30 09:12:52,097: log_options() 'favorites_operations = [['Downloaded', 'Copy'], ['Fetched', 'Move'], ['Others', 'Copy']]'
INFO: 2022-12-30 09:12:52,097: log_options() 'fetched_folder = /home/max/.config/variety/Fetched'
INFO: 2022-12-30 09:12:52,097: log_options() 'filters = [[False, 'Keep original', ''], [False, 'Grayscale', '-type Grayscale'], [False, 'Heavy blur', '-scale 20% -blur 0x10 -resize 500%'], [False, 'Soft blur', '-scale 20% -blur 0x2 -resize 500%'], [False, 'Oil painting', '-paint 8'], [False, 'Pointilism', '-spread 10 -noise 3'], [False, 'Pixellate', '-scale 3% -scale 3333%']]'
INFO: 2022-12-30 09:12:52,097: log_options() 'get_wallpaper_script = /home/max/.config/variety/scripts/get_wallpaper'
INFO: 2022-12-30 09:12:52,097: log_options() 'icon = Dark'
INFO: 2022-12-30 09:12:52,097: log_options() 'internet_enabled = False'
INFO: 2022-12-30 09:12:52,097: log_options() 'lightness_enabled = False'
INFO: 2022-12-30 09:12:52,097: log_options() 'lightness_mode = 0'
INFO: 2022-12-30 09:12:52,097: log_options() 'min_rating = 4'
INFO: 2022-12-30 09:12:52,097: log_options() 'min_rating_enabled = False'
INFO: 2022-12-30 09:12:52,097: log_options() 'min_size = 80'
INFO: 2022-12-30 09:12:52,097: log_options() 'min_size_enabled = False'
INFO: 2022-12-30 09:12:52,097: log_options() 'quota_enabled = True'
INFO: 2022-12-30 09:12:52,097: log_options() 'quota_size = 1000'
INFO: 2022-12-30 09:12:52,097: log_options() 'quotes_authors = '
INFO: 2022-12-30 09:12:52,097: log_options() 'quotes_bg_color = [80, 80, 80]'
INFO: 2022-12-30 09:12:52,097: log_options() 'quotes_bg_opacity = 0'
INFO: 2022-12-30 09:12:52,097: log_options() 'quotes_change_enabled = False'
INFO: 2022-12-30 09:12:52,097: log_options() 'quotes_change_interval = 300'
INFO: 2022-12-30 09:12:52,097: log_options() 'quotes_disabled_sources = ['Urban Dictionary']'
INFO: 2022-12-30 09:12:52,097: log_options() 'quotes_enabled = True'
INFO: 2022-12-30 09:12:52,097: log_options() 'quotes_favorites_file = /home/max/.config/variety/favorite_quotes.txt'
INFO: 2022-12-30 09:12:52,097: log_options() 'quotes_font = Serif 30'
INFO: 2022-12-30 09:12:52,097: log_options() 'quotes_hpos = 100'
INFO: 2022-12-30 09:12:52,097: log_options() 'quotes_max_length = 250'
INFO: 2022-12-30 09:12:52,097: log_options() 'quotes_tags = '
INFO: 2022-12-30 09:12:52,097: log_options() 'quotes_text_color = [255, 255, 255]'
INFO: 2022-12-30 09:12:52,097: log_options() 'quotes_text_shadow = False'
INFO: 2022-12-30 09:12:52,097: log_options() 'quotes_vpos = 100'
INFO: 2022-12-30 09:12:52,097: log_options() 'quotes_width = 70'
INFO: 2022-12-30 09:12:52,097: log_options() 'safe_mode = False'
INFO: 2022-12-30 09:12:52,097: log_options() 'set_wallpaper_script = /home/max/.config/variety/scripts/set_wallpaper'
INFO: 2022-12-30 09:12:52,097: log_options() 'slideshow_custom_enabled = False'
INFO: 2022-12-30 09:12:52,097: log_options() 'slideshow_custom_folder = /home/max/Pictures'
INFO: 2022-12-30 09:12:52,097: log_options() 'slideshow_downloads_enabled = False'
INFO: 2022-12-30 09:12:52,097: log_options() 'slideshow_fade = 0.4'
INFO: 2022-12-30 09:12:52,097: log_options() 'slideshow_favorites_enabled = True'
INFO: 2022-12-30 09:12:52,097: log_options() 'slideshow_mode = Fullscreen'
INFO: 2022-12-30 09:12:52,097: log_options() 'slideshow_monitor = All'
INFO: 2022-12-30 09:12:52,097: log_options() 'slideshow_pan = 0.05'
INFO: 2022-12-30 09:12:52,097: log_options() 'slideshow_seconds = 6.0'
INFO: 2022-12-30 09:12:52,097: log_options() 'slideshow_sort_order = Random'
INFO: 2022-12-30 09:12:52,097: log_options() 'slideshow_sources_enabled = True'
INFO: 2022-12-30 09:12:52,097: log_options() 'slideshow_zoom = 0.2'
INFO: 2022-12-30 09:12:52,097: log_options() 'smart_enabled = False'
INFO: 2022-12-30 09:12:52,097: log_options() 'smart_notice_shown = False'
INFO: 2022-12-30 09:12:52,097: log_options() 'smart_register_shown = False'
INFO: 2022-12-30 09:12:52,097: log_options() 'sources = [[True, 'folder', '/home/max/.local/share/backgrounds'], [False, 'favorites', 'The Favorites folder'], [False, 'fetched', 'The Fetched folder'], [False, 'folder', '/usr/share/backgrounds'], [False, 'flickr', 'user:www.flickr.com/photos/peter-levi/;user_id:93647178@N00;'], [False, 'apod', "NASA's Astronomy Picture of the Day"], [False, 'bing', 'Bing Photo of the Day'], [False, 'earthview', 'Google Earth View Wallpapers'], [False, 'natgeo', "National Geographic's photo of the day"], [False, 'unsplash', 'High-resolution photos from Unsplash.com']]'
INFO: 2022-12-30 09:12:52,098: set_from_theme_icon() 'Showing indicator icon variety-indicator-dark from GTK theme'
INFO: 2022-12-30 09:12:52,098: log_options() 'stats_enabled = True'
INFO: 2022-12-30 09:12:52,098: log_options() 'stats_notice_shown = False'
INFO: 2022-12-30 09:12:52,098: log_options() 'sync_enabled = True'
INFO: 2022-12-30 09:12:52,098: log_options() 'use_landscape_enabled = True'
INFO: 2022-12-30 09:12:52,098: log_options() 'wallhaven_api_key = '
INFO: 2022-12-30 09:12:52,098: log_options() 'wallpaper_auto_rotate = False'
INFO: 2022-12-30 09:12:52,098: log_options() 'wallpaper_display_mode = zoom'
INFO: 2022-12-30 09:12:52,098: reload_config() 'No need to clear prepared queue'
INFO: 2022-12-30 09:12:52,098: update_indicator() 'Setting file info to: /home/max/.local/share/backgrounds/Forest3.jpg'
INFO: 2022-12-30 09:12:52,099: prepare_thread() 'Prepared buffer contains 22 images'
INFO: 2022-12-30 09:12:52,199: do_set_wp() 'Calling do_set_wp with /home/max/.local/share/backgrounds/Forest3.jpg, time: 1672416772.1991644'
INFO: 2022-12-30 09:12:52,199: apply_display_mode() 'ImageMagick display mode cmd: convert /home/max/.local/share/backgrounds/Forest3.jpg -scale 3006x2004^  /home/max/.config/variety/wallpaper/wallpaper-zoomed-ab671db214d0cf52ef4668c5530d3d61.jpg'
INFO: 2022-12-30 09:12:52,438: compute_trimmed_offsets() 'Trimmed offsets debug info: w:3006, h:2004, ratio:1.500000, iw:3006, ih:2405, scw:3006, sch:2405, ho:0, vo:200'
INFO: 2022-12-30 09:12:52,479: update_indicator() 'Setting file info to: /home/max/.local/share/backgrounds/Forest3.jpg'
INFO: 2022-12-30 09:12:54,100: trigger_download() 'Triggering download thread to check if download needed and possible'
INFO: 2022-12-30 09:12:54,817: apply() 'Applying preferences'
INFO: 2022-12-30 09:12:54,826: log_options() 'Loaded options:'
INFO: 2022-12-30 09:12:54,826: set_visible() 'Showing indicator icon'
INFO: 2022-12-30 09:12:54,826: log_options() 'change_enabled = True'
INFO: 2022-12-30 09:12:54,826: log_options() 'change_interval = 600'
INFO: 2022-12-30 09:12:54,826: log_options() 'change_on_start = True'
INFO: 2022-12-30 09:12:54,826: log_options() 'clipboard_enabled = False'
INFO: 2022-12-30 09:12:54,826: log_options() 'clipboard_hosts = ['wallhaven.cc', 'wallpapers.net', 'flickr.com', 'imgur.com', 'deviantart.com', 'interfacelift.com', 'vladstudio.com', 'imageshack.us', 'deviantart.net', 'imageshack.com']'
INFO: 2022-12-30 09:12:54,826: log_options() 'clipboard_use_whitelist = True'
INFO: 2022-12-30 09:12:54,826: log_options() 'clock_date_font = Serif 30'
INFO: 2022-12-30 09:12:54,826: log_options() 'clock_enabled = False'
INFO: 2022-12-30 09:12:54,826: log_options() 'clock_filter = -density 100 -font `fc-match -f '%{file[0]}' '%CLOCK_FONT_NAME'` -pointsize %CLOCK_FONT_SIZE -gravity SouthEast -fill '#00000044' -annotate 0x0+[%HOFFSET+58]+[%VOFFSET+108] '%H:%M' -fill white -annotate 0x0+[%HOFFSET+60]+[%VOFFSET+110] '%H:%M' -font `fc-match -f '%{file[0]}' '%DATE_FONT_NAME'` -pointsize %DATE_FONT_SIZE -fill '#00000044' -annotate 0x0+[%HOFFSET+58]+[%VOFFSET+58] '%A, %B %d' -fill white -annotate 0x0+[%HOFFSET+60]+[%VOFFSET+60] '%A, %B %d''
INFO: 2022-12-30 09:12:54,826: log_options() 'clock_font = Serif 70'
INFO: 2022-12-30 09:12:54,826: log_options() 'configfile = /home/max/.config/variety/variety.conf'
INFO: 2022-12-30 09:12:54,826: log_options() 'copyto_enabled = False'
INFO: 2022-12-30 09:12:54,826: log_options() 'copyto_folder = Default'
INFO: 2022-12-30 09:12:54,826: log_options() 'desired_color = [160, 160, 160]'
INFO: 2022-12-30 09:12:54,826: log_options() 'desired_color_enabled = False'
INFO: 2022-12-30 09:12:54,826: log_options() 'download_folder = /home/max/.config/variety/Downloaded'
INFO: 2022-12-30 09:12:54,826: log_options() 'download_preference_ratio = 0.9'
INFO: 2022-12-30 09:12:54,826: log_options() 'favorites_folder = /home/max/.config/variety/Favorites'
INFO: 2022-12-30 09:12:54,826: log_options() 'favorites_operations = [['Downloaded', 'Copy'], ['Fetched', 'Move'], ['Others', 'Copy']]'
INFO: 2022-12-30 09:12:54,826: set_from_theme_icon() 'Showing indicator icon variety-indicator-dark from GTK theme'
INFO: 2022-12-30 09:12:54,826: log_options() 'fetched_folder = /home/max/.config/variety/Fetched'
INFO: 2022-12-30 09:12:54,827: log_options() 'filters = [[False, 'Keep original', ''], [False, 'Grayscale', '-type Grayscale'], [False, 'Heavy blur', '-scale 20% -blur 0x10 -resize 500%'], [False, 'Soft blur', '-scale 20% -blur 0x2 -resize 500%'], [False, 'Oil painting', '-paint 8'], [False, 'Pointilism', '-spread 10 -noise 3'], [False, 'Pixellate', '-scale 3% -scale 3333%']]'
INFO: 2022-12-30 09:12:54,827: log_options() 'get_wallpaper_script = /home/max/.config/variety/scripts/get_wallpaper'
INFO: 2022-12-30 09:12:54,827: log_options() 'icon = Dark'
INFO: 2022-12-30 09:12:54,827: log_options() 'internet_enabled = False'
INFO: 2022-12-30 09:12:54,827: log_options() 'lightness_enabled = False'
INFO: 2022-12-30 09:12:54,827: log_options() 'lightness_mode = 0'
INFO: 2022-12-30 09:12:54,827: log_options() 'min_rating = 4'
INFO: 2022-12-30 09:12:54,827: log_options() 'min_rating_enabled = False'
INFO: 2022-12-30 09:12:54,827: log_options() 'min_size = 80'
INFO: 2022-12-30 09:12:54,827: log_options() 'min_size_enabled = False'
INFO: 2022-12-30 09:12:54,827: log_options() 'quota_enabled = True'
INFO: 2022-12-30 09:12:54,827: log_options() 'quota_size = 1000'
INFO: 2022-12-30 09:12:54,827: log_options() 'quotes_authors = '
INFO: 2022-12-30 09:12:54,827: log_options() 'quotes_bg_color = [80, 80, 80]'
INFO: 2022-12-30 09:12:54,827: log_options() 'quotes_bg_opacity = 0'
INFO: 2022-12-30 09:12:54,827: log_options() 'quotes_change_enabled = False'
INFO: 2022-12-30 09:12:54,827: log_options() 'quotes_change_interval = 300'
INFO: 2022-12-30 09:12:54,827: log_options() 'quotes_disabled_sources = ['Urban Dictionary']'
INFO: 2022-12-30 09:12:54,828: log_options() 'quotes_enabled = False'
INFO: 2022-12-30 09:12:54,828: log_options() 'quotes_favorites_file = /home/max/.config/variety/favorite_quotes.txt'
INFO: 2022-12-30 09:12:54,828: log_options() 'quotes_font = Serif 30'
INFO: 2022-12-30 09:12:54,828: log_options() 'quotes_hpos = 100'
INFO: 2022-12-30 09:12:54,828: log_options() 'quotes_max_length = 250'
INFO: 2022-12-30 09:12:54,828: log_options() 'quotes_tags = '
INFO: 2022-12-30 09:12:54,828: log_options() 'quotes_text_color = [255, 255, 255]'
INFO: 2022-12-30 09:12:54,828: log_options() 'quotes_text_shadow = False'
INFO: 2022-12-30 09:12:54,828: log_options() 'quotes_vpos = 100'
INFO: 2022-12-30 09:12:54,828: log_options() 'quotes_width = 70'
INFO: 2022-12-30 09:12:54,828: log_options() 'safe_mode = False'
INFO: 2022-12-30 09:12:54,828: log_options() 'set_wallpaper_script = /home/max/.config/variety/scripts/set_wallpaper'
INFO: 2022-12-30 09:12:54,828: log_options() 'slideshow_custom_enabled = False'
INFO: 2022-12-30 09:12:54,828: log_options() 'slideshow_custom_folder = /home/max/Pictures'
INFO: 2022-12-30 09:12:54,828: log_options() 'slideshow_downloads_enabled = False'
INFO: 2022-12-30 09:12:54,828: log_options() 'slideshow_fade = 0.4'
INFO: 2022-12-30 09:12:54,828: log_options() 'slideshow_favorites_enabled = True'
INFO: 2022-12-30 09:12:54,828: log_options() 'slideshow_mode = Fullscreen'
INFO: 2022-12-30 09:12:54,828: log_options() 'slideshow_monitor = All'
INFO: 2022-12-30 09:12:54,828: log_options() 'slideshow_pan = 0.05'
INFO: 2022-12-30 09:12:54,828: log_options() 'slideshow_seconds = 6.0'
INFO: 2022-12-30 09:12:54,828: log_options() 'slideshow_sort_order = Random'
INFO: 2022-12-30 09:12:54,828: log_options() 'slideshow_sources_enabled = True'
INFO: 2022-12-30 09:12:54,828: log_options() 'slideshow_zoom = 0.2'
INFO: 2022-12-30 09:12:54,828: log_options() 'smart_enabled = False'
INFO: 2022-12-30 09:12:54,828: log_options() 'smart_notice_shown = False'
INFO: 2022-12-30 09:12:54,828: log_options() 'smart_register_shown = False'
INFO: 2022-12-30 09:12:54,828: log_options() 'sources = [[True, 'folder', '/home/max/.local/share/backgrounds'], [False, 'favorites', 'The Favorites folder'], [False, 'fetched', 'The Fetched folder'], [False, 'folder', '/usr/share/backgrounds'], [False, 'flickr', 'user:www.flickr.com/photos/peter-levi/;user_id:93647178@N00;'], [False, 'apod', "NASA's Astronomy Picture of the Day"], [False, 'bing', 'Bing Photo of the Day'], [False, 'earthview', 'Google Earth View Wallpapers'], [False, 'natgeo', "National Geographic's photo of the day"], [False, 'unsplash', 'High-resolution photos from Unsplash.com']]'
INFO: 2022-12-30 09:12:54,828: log_options() 'stats_enabled = True'
INFO: 2022-12-30 09:12:54,828: log_options() 'stats_notice_shown = False'
INFO: 2022-12-30 09:12:54,828: log_options() 'sync_enabled = True'
INFO: 2022-12-30 09:12:54,828: log_options() 'use_landscape_enabled = True'
INFO: 2022-12-30 09:12:54,828: log_options() 'wallhaven_api_key = '
INFO: 2022-12-30 09:12:54,828: log_options() 'wallpaper_auto_rotate = False'
INFO: 2022-12-30 09:12:54,828: log_options() 'wallpaper_display_mode = zoom'
INFO: 2022-12-30 09:12:54,828: reload_config() 'No need to clear prepared queue'
INFO: 2022-12-30 09:12:54,828: update_indicator() 'Setting file info to: /home/max/.local/share/backgrounds/Forest3.jpg'
INFO: 2022-12-30 09:12:54,829: prepare_thread() 'Prepared buffer contains 22 images'
INFO: 2022-12-30 09:12:54,929: do_set_wp() 'Calling do_set_wp with /home/max/.local/share/backgrounds/Forest3.jpg, time: 1672416774.929774'
INFO: 2022-12-30 09:12:54,930: apply_display_mode() 'ImageMagick display mode cmd: convert /home/max/.local/share/backgrounds/Forest3.jpg -scale 3006x2004^  /home/max/.config/variety/wallpaper/wallpaper-zoomed-89fc769d57bc074dca4b464ad91d4a4e.jpg'
INFO: 2022-12-30 09:12:55,206: update_indicator() 'Setting file info to: /home/max/.local/share/backgrounds/Forest3.jpg'
INFO: 2022-12-30 09:12:56,829: trigger_download() 'Triggering download thread to check if download needed and possible'
INFO: 2022-12-30 09:13:00,899: apply() 'Applying preferences'
INFO: 2022-12-30 09:13:00,912: log_options() 'Loaded options:'
INFO: 2022-12-30 09:13:00,912: log_options() 'change_enabled = True'
INFO: 2022-12-30 09:13:00,912: log_options() 'change_interval = 600'
INFO: 2022-12-30 09:13:00,912: log_options() 'change_on_start = True'
INFO: 2022-12-30 09:13:00,912: log_options() 'clipboard_enabled = False'
INFO: 2022-12-30 09:13:00,912: log_options() 'clipboard_hosts = ['wallhaven.cc', 'wallpapers.net', 'flickr.com', 'imgur.com', 'deviantart.com', 'interfacelift.com', 'vladstudio.com', 'imageshack.us', 'deviantart.net', 'imageshack.com']'
INFO: 2022-12-30 09:13:00,912: log_options() 'clipboard_use_whitelist = True'
INFO: 2022-12-30 09:13:00,912: set_visible() 'Showing indicator icon'
INFO: 2022-12-30 09:13:00,912: log_options() 'clock_date_font = Serif 30'
INFO: 2022-12-30 09:13:00,912: log_options() 'clock_enabled = True'
INFO: 2022-12-30 09:13:00,912: log_options() 'clock_filter = -density 100 -font `fc-match -f '%{file[0]}' '%CLOCK_FONT_NAME'` -pointsize %CLOCK_FONT_SIZE -gravity SouthEast -fill '#00000044' -annotate 0x0+[%HOFFSET+58]+[%VOFFSET+108] '%H:%M' -fill white -annotate 0x0+[%HOFFSET+60]+[%VOFFSET+110] '%H:%M' -font `fc-match -f '%{file[0]}' '%DATE_FONT_NAME'` -pointsize %DATE_FONT_SIZE -fill '#00000044' -annotate 0x0+[%HOFFSET+58]+[%VOFFSET+58] '%A, %B %d' -fill white -annotate 0x0+[%HOFFSET+60]+[%VOFFSET+60] '%A, %B %d''
INFO: 2022-12-30 09:13:00,912: set_from_theme_icon() 'Showing indicator icon variety-indicator-dark from GTK theme'
INFO: 2022-12-30 09:13:00,912: log_options() 'clock_font = Serif 70'
INFO: 2022-12-30 09:13:00,912: log_options() 'configfile = /home/max/.config/variety/variety.conf'
INFO: 2022-12-30 09:13:00,912: log_options() 'copyto_enabled = False'
INFO: 2022-12-30 09:13:00,912: log_options() 'copyto_folder = Default'
INFO: 2022-12-30 09:13:00,912: log_options() 'desired_color = [160, 160, 160]'
INFO: 2022-12-30 09:13:00,912: log_options() 'desired_color_enabled = False'
INFO: 2022-12-30 09:13:00,912: log_options() 'download_folder = /home/max/.config/variety/Downloaded'
INFO: 2022-12-30 09:13:00,912: log_options() 'download_preference_ratio = 0.9'
INFO: 2022-12-30 09:13:00,912: log_options() 'favorites_folder = /home/max/.config/variety/Favorites'
INFO: 2022-12-30 09:13:00,912: log_options() 'favorites_operations = [['Downloaded', 'Copy'], ['Fetched', 'Move'], ['Others', 'Copy']]'
INFO: 2022-12-30 09:13:00,912: log_options() 'fetched_folder = /home/max/.config/variety/Fetched'
INFO: 2022-12-30 09:13:00,912: log_options() 'filters = [[False, 'Keep original', ''], [False, 'Grayscale', '-type Grayscale'], [False, 'Heavy blur', '-scale 20% -blur 0x10 -resize 500%'], [False, 'Soft blur', '-scale 20% -blur 0x2 -resize 500%'], [False, 'Oil painting', '-paint 8'], [False, 'Pointilism', '-spread 10 -noise 3'], [False, 'Pixellate', '-scale 3% -scale 3333%']]'
INFO: 2022-12-30 09:13:00,912: log_options() 'get_wallpaper_script = /home/max/.config/variety/scripts/get_wallpaper'
INFO: 2022-12-30 09:13:00,912: log_options() 'icon = Dark'
INFO: 2022-12-30 09:13:00,912: log_options() 'internet_enabled = False'
INFO: 2022-12-30 09:13:00,912: log_options() 'lightness_enabled = False'
INFO: 2022-12-30 09:13:00,912: log_options() 'lightness_mode = 0'
INFO: 2022-12-30 09:13:00,912: log_options() 'min_rating = 4'
INFO: 2022-12-30 09:13:00,912: log_options() 'min_rating_enabled = False'
INFO: 2022-12-30 09:13:00,912: log_options() 'min_size = 80'
INFO: 2022-12-30 09:13:00,912: log_options() 'min_size_enabled = False'
INFO: 2022-12-30 09:13:00,912: log_options() 'quota_enabled = True'
INFO: 2022-12-30 09:13:00,912: log_options() 'quota_size = 1000'
INFO: 2022-12-30 09:13:00,912: log_options() 'quotes_authors = '
INFO: 2022-12-30 09:13:00,912: log_options() 'quotes_bg_color = [80, 80, 80]'
INFO: 2022-12-30 09:13:00,912: log_options() 'quotes_bg_opacity = 0'
INFO: 2022-12-30 09:13:00,912: log_options() 'quotes_change_enabled = False'
INFO: 2022-12-30 09:13:00,912: log_options() 'quotes_change_interval = 300'
INFO: 2022-12-30 09:13:00,912: log_options() 'quotes_disabled_sources = ['Urban Dictionary']'
INFO: 2022-12-30 09:13:00,913: log_options() 'quotes_enabled = False'
INFO: 2022-12-30 09:13:00,913: log_options() 'quotes_favorites_file = /home/max/.config/variety/favorite_quotes.txt'
INFO: 2022-12-30 09:13:00,913: log_options() 'quotes_font = Serif 30'
INFO: 2022-12-30 09:13:00,913: log_options() 'quotes_hpos = 100'
INFO: 2022-12-30 09:13:00,913: log_options() 'quotes_max_length = 250'
INFO: 2022-12-30 09:13:00,913: log_options() 'quotes_tags = '
INFO: 2022-12-30 09:13:00,913: log_options() 'quotes_text_color = [255, 255, 255]'
INFO: 2022-12-30 09:13:00,913: log_options() 'quotes_text_shadow = False'
INFO: 2022-12-30 09:13:00,913: log_options() 'quotes_vpos = 100'
INFO: 2022-12-30 09:13:00,913: log_options() 'quotes_width = 70'
INFO: 2022-12-30 09:13:00,913: log_options() 'safe_mode = False'
INFO: 2022-12-30 09:13:00,913: log_options() 'set_wallpaper_script = /home/max/.config/variety/scripts/set_wallpaper'
INFO: 2022-12-30 09:13:00,913: log_options() 'slideshow_custom_enabled = False'
INFO: 2022-12-30 09:13:00,913: log_options() 'slideshow_custom_folder = /home/max/Pictures'
INFO: 2022-12-30 09:13:00,913: log_options() 'slideshow_downloads_enabled = False'
INFO: 2022-12-30 09:13:00,913: log_options() 'slideshow_fade = 0.4'
INFO: 2022-12-30 09:13:00,913: log_options() 'slideshow_favorites_enabled = True'
INFO: 2022-12-30 09:13:00,913: log_options() 'slideshow_mode = Fullscreen'
INFO: 2022-12-30 09:13:00,913: log_options() 'slideshow_monitor = All'
INFO: 2022-12-30 09:13:00,913: log_options() 'slideshow_pan = 0.05'
INFO: 2022-12-30 09:13:00,913: log_options() 'slideshow_seconds = 6.0'
INFO: 2022-12-30 09:13:00,913: log_options() 'slideshow_sort_order = Random'
INFO: 2022-12-30 09:13:00,913: log_options() 'slideshow_sources_enabled = True'
INFO: 2022-12-30 09:13:00,913: log_options() 'slideshow_zoom = 0.2'
INFO: 2022-12-30 09:13:00,913: log_options() 'smart_enabled = False'
INFO: 2022-12-30 09:13:00,913: log_options() 'smart_notice_shown = False'
INFO: 2022-12-30 09:13:00,913: log_options() 'smart_register_shown = False'
INFO: 2022-12-30 09:13:00,913: log_options() 'sources = [[True, 'folder', '/home/max/.local/share/backgrounds'], [False, 'favorites', 'The Favorites folder'], [False, 'fetched', 'The Fetched folder'], [False, 'folder', '/usr/share/backgrounds'], [False, 'flickr', 'user:www.flickr.com/photos/peter-levi/;user_id:93647178@N00;'], [False, 'apod', "NASA's Astronomy Picture of the Day"], [False, 'bing', 'Bing Photo of the Day'], [False, 'earthview', 'Google Earth View Wallpapers'], [False, 'natgeo', "National Geographic's photo of the day"], [False, 'unsplash', 'High-resolution photos from Unsplash.com']]'
INFO: 2022-12-30 09:13:00,913: log_options() 'stats_enabled = True'
INFO: 2022-12-30 09:13:00,913: log_options() 'stats_notice_shown = False'
INFO: 2022-12-30 09:13:00,913: log_options() 'sync_enabled = True'
INFO: 2022-12-30 09:13:00,913: log_options() 'use_landscape_enabled = True'
INFO: 2022-12-30 09:13:00,913: log_options() 'wallhaven_api_key = '
INFO: 2022-12-30 09:13:00,913: log_options() 'wallpaper_auto_rotate = False'
INFO: 2022-12-30 09:13:00,913: log_options() 'wallpaper_display_mode = zoom'
INFO: 2022-12-30 09:13:00,913: reload_config() 'No need to clear prepared queue'
INFO: 2022-12-30 09:13:00,913: clock_thread_method() 'clock thread running'
INFO: 2022-12-30 09:13:00,913: update_indicator() 'Setting file info to: /home/max/.local/share/backgrounds/Forest3.jpg'
INFO: 2022-12-30 09:13:00,914: prepare_thread() 'Prepared buffer contains 22 images'
INFO: 2022-12-30 09:13:01,015: do_set_wp() 'Calling do_set_wp with /home/max/.local/share/backgrounds/Forest3.jpg, time: 1672416781.0150506'
INFO: 2022-12-30 09:13:01,015: apply_display_mode() 'ImageMagick display mode cmd: convert /home/max/.local/share/backgrounds/Forest3.jpg -scale 3006x2004^  /home/max/.config/variety/wallpaper/wallpaper-zoomed-b619fc67c4411eef95ff3855ceb907a1.jpg'
INFO: 2022-12-30 09:13:01,238: compute_trimmed_offsets() 'Trimmed offsets debug info: w:3006, h:2004, ratio:1.500000, iw:3006, ih:2405, scw:3006, sch:2405, ho:0, vo:200'
INFO: 2022-12-30 09:13:01,238: build_imagemagick_clock_cmd() 'Applying clock filter: -density 100 -font `fc-match -f '%{file[0]}' 'Serif:70'` -pointsize 70 -gravity SouthEast -fill '#00000044' -annotate 0x0+58+308 '09:13' -fill white -annotate 0x0+60+310 '09:13' -font `fc-match -f '%{file[0]}' 'Serif:30'` -pointsize 30 -fill '#00000044' -annotate 0x0+58+258 'Friday, December 30' -fill white -annotate 0x0+60+260 'Friday, December 30''
INFO: 2022-12-30 09:13:01,238: build_imagemagick_clock_cmd() 'ImageMagick clock cmd: convert /home/max/.config/variety/wallpaper/wallpaper-zoomed-b619fc67c4411eef95ff3855ceb907a1.jpg -scale 3006x2004^ -density 100 -font `fc-match -f '%{file[0]}' 'Serif:70'` -pointsize 70 -gravity SouthEast -fill '#00000044' -annotate 0x0+58+308 '09:13' -fill white -annotate 0x0+60+310 '09:13' -font `fc-match -f '%{file[0]}' 'Serif:30'` -pointsize 30 -fill '#00000044' -annotate 0x0+58+258 'Friday, December 30' -fill white -annotate 0x0+60+260 'Friday, December 30' /home/max/.config/variety/wallpaper/wallpaper-clock-06336335930d15fffb426ad9d2eda6db.jpg'
INFO: 2022-12-30 09:13:01,339: update_indicator() 'Setting file info to: /home/max/.local/share/backgrounds/Forest3.jpg'
INFO: 2022-12-30 09:13:01,914: clock_thread_method() 'clock_thread updates wallpaper'
INFO: 2022-12-30 09:13:02,015: do_set_wp() 'Calling do_set_wp with /home/max/.local/share/backgrounds/Forest3.jpg, time: 1672416782.015851'
INFO: 2022-12-30 09:13:02,016: apply_display_mode() 'ImageMagick display mode cmd: convert /home/max/.local/share/backgrounds/Forest3.jpg -scale 3006x2004^  /home/max/.config/variety/wallpaper/wallpaper-zoomed-078e196b4e75bb5d495dc41779172244.jpg'
INFO: 2022-12-30 09:13:02,241: compute_trimmed_offsets() 'Trimmed offsets debug info: w:3006, h:2004, ratio:1.500000, iw:3006, ih:2405, scw:3006, sch:2405, ho:0, vo:200'
INFO: 2022-12-30 09:13:02,241: build_imagemagick_clock_cmd() 'Applying clock filter: -density 100 -font `fc-match -f '%{file[0]}' 'Serif:70'` -pointsize 70 -gravity SouthEast -fill '#00000044' -annotate 0x0+58+308 '09:13' -fill white -annotate 0x0+60+310 '09:13' -font `fc-match -f '%{file[0]}' 'Serif:30'` -pointsize 30 -fill '#00000044' -annotate 0x0+58+258 'Friday, December 30' -fill white -annotate 0x0+60+260 'Friday, December 30''
INFO: 2022-12-30 09:13:02,241: build_imagemagick_clock_cmd() 'ImageMagick clock cmd: convert /home/max/.config/variety/wallpaper/wallpaper-zoomed-078e196b4e75bb5d495dc41779172244.jpg -scale 3006x2004^ -density 100 -font `fc-match -f '%{file[0]}' 'Serif:70'` -pointsize 70 -gravity SouthEast -fill '#00000044' -annotate 0x0+58+308 '09:13' -fill white -annotate 0x0+60+310 '09:13' -font `fc-match -f '%{file[0]}' 'Serif:30'` -pointsize 30 -fill '#00000044' -annotate 0x0+58+258 'Friday, December 30' -fill white -annotate 0x0+60+260 'Friday, December 30' /home/max/.config/variety/wallpaper/wallpaper-clock-28437c0236381ba55ec8a04d302c0f41.jpg'
INFO: 2022-12-30 09:13:02,343: update_indicator() 'Setting file info to: /home/max/.local/share/backgrounds/Forest3.jpg'
INFO: 2022-12-30 09:13:02,915: trigger_download() 'Triggering download thread to check if download needed and possible'
INFO: 2022-12-30 09:13:08,977: apply() 'Applying preferences'
INFO: 2022-12-30 09:13:08,984: log_options() 'Loaded options:'
INFO: 2022-12-30 09:13:08,984: log_options() 'change_enabled = True'
INFO: 2022-12-30 09:13:08,984: log_options() 'change_interval = 600'
INFO: 2022-12-30 09:13:08,984: log_options() 'change_on_start = True'
INFO: 2022-12-30 09:13:08,984: log_options() 'clipboard_enabled = False'
INFO: 2022-12-30 09:13:08,985: log_options() 'clipboard_hosts = ['wallhaven.cc', 'wallpapers.net', 'flickr.com', 'imgur.com', 'deviantart.com', 'interfacelift.com', 'vladstudio.com', 'imageshack.us', 'deviantart.net', 'imageshack.com']'
INFO: 2022-12-30 09:13:08,985: log_options() 'clipboard_use_whitelist = True'
INFO: 2022-12-30 09:13:08,985: log_options() 'clock_date_font = Serif 30'
INFO: 2022-12-30 09:13:08,985: log_options() 'clock_enabled = False'
INFO: 2022-12-30 09:13:08,985: log_options() 'clock_filter = -density 100 -font `fc-match -f '%{file[0]}' '%CLOCK_FONT_NAME'` -pointsize %CLOCK_FONT_SIZE -gravity SouthEast -fill '#00000044' -annotate 0x0+[%HOFFSET+58]+[%VOFFSET+108] '%H:%M' -fill white -annotate 0x0+[%HOFFSET+60]+[%VOFFSET+110] '%H:%M' -font `fc-match -f '%{file[0]}' '%DATE_FONT_NAME'` -pointsize %DATE_FONT_SIZE -fill '#00000044' -annotate 0x0+[%HOFFSET+58]+[%VOFFSET+58] '%A, %B %d' -fill white -annotate 0x0+[%HOFFSET+60]+[%VOFFSET+60] '%A, %B %d''
INFO: 2022-12-30 09:13:08,985: log_options() 'clock_font = Serif 70'
INFO: 2022-12-30 09:13:08,985: log_options() 'configfile = /home/max/.config/variety/variety.conf'
INFO: 2022-12-30 09:13:08,985: log_options() 'copyto_enabled = False'
INFO: 2022-12-30 09:13:08,985: log_options() 'copyto_folder = Default'
INFO: 2022-12-30 09:13:08,985: set_visible() 'Showing indicator icon'
INFO: 2022-12-30 09:13:08,985: log_options() 'desired_color = [160, 160, 160]'
INFO: 2022-12-30 09:13:08,985: log_options() 'desired_color_enabled = False'
INFO: 2022-12-30 09:13:08,985: log_options() 'download_folder = /home/max/.config/variety/Downloaded'
INFO: 2022-12-30 09:13:08,985: log_options() 'download_preference_ratio = 0.9'
INFO: 2022-12-30 09:13:08,985: set_from_theme_icon() 'Showing indicator icon variety-indicator-dark from GTK theme'
INFO: 2022-12-30 09:13:08,985: log_options() 'favorites_folder = /home/max/.config/variety/Favorites'
INFO: 2022-12-30 09:13:08,985: log_options() 'favorites_operations = [['Downloaded', 'Copy'], ['Fetched', 'Move'], ['Others', 'Copy']]'
INFO: 2022-12-30 09:13:08,985: log_options() 'fetched_folder = /home/max/.config/variety/Fetched'
INFO: 2022-12-30 09:13:08,985: log_options() 'filters = [[False, 'Keep original', ''], [False, 'Grayscale', '-type Grayscale'], [False, 'Heavy blur', '-scale 20% -blur 0x10 -resize 500%'], [False, 'Soft blur', '-scale 20% -blur 0x2 -resize 500%'], [False, 'Oil painting', '-paint 8'], [False, 'Pointilism', '-spread 10 -noise 3'], [False, 'Pixellate', '-scale 3% -scale 3333%']]'
INFO: 2022-12-30 09:13:08,985: log_options() 'get_wallpaper_script = /home/max/.config/variety/scripts/get_wallpaper'
INFO: 2022-12-30 09:13:08,985: log_options() 'icon = Dark'
INFO: 2022-12-30 09:13:08,985: log_options() 'internet_enabled = False'
INFO: 2022-12-30 09:13:08,985: log_options() 'lightness_enabled = False'
INFO: 2022-12-30 09:13:08,985: log_options() 'lightness_mode = 0'
INFO: 2022-12-30 09:13:08,985: log_options() 'min_rating = 4'
INFO: 2022-12-30 09:13:08,985: log_options() 'min_rating_enabled = False'
INFO: 2022-12-30 09:13:08,985: log_options() 'min_size = 80'
INFO: 2022-12-30 09:13:08,985: log_options() 'min_size_enabled = False'
INFO: 2022-12-30 09:13:08,985: log_options() 'quota_enabled = True'
INFO: 2022-12-30 09:13:08,985: log_options() 'quota_size = 1000'
INFO: 2022-12-30 09:13:08,985: log_options() 'quotes_authors = '
INFO: 2022-12-30 09:13:08,985: log_options() 'quotes_bg_color = [80, 80, 80]'
INFO: 2022-12-30 09:13:08,985: log_options() 'quotes_bg_opacity = 0'
INFO: 2022-12-30 09:13:08,985: log_options() 'quotes_change_enabled = False'
INFO: 2022-12-30 09:13:08,985: log_options() 'quotes_change_interval = 300'
INFO: 2022-12-30 09:13:08,986: log_options() 'quotes_disabled_sources = ['Urban Dictionary']'
INFO: 2022-12-30 09:13:08,986: log_options() 'quotes_enabled = False'
INFO: 2022-12-30 09:13:08,986: log_options() 'quotes_favorites_file = /home/max/.config/variety/favorite_quotes.txt'
INFO: 2022-12-30 09:13:08,986: log_options() 'quotes_font = Serif 30'
INFO: 2022-12-30 09:13:08,986: log_options() 'quotes_hpos = 100'
INFO: 2022-12-30 09:13:08,986: log_options() 'quotes_max_length = 250'
INFO: 2022-12-30 09:13:08,986: log_options() 'quotes_tags = '
INFO: 2022-12-30 09:13:08,986: log_options() 'quotes_text_color = [255, 255, 255]'
INFO: 2022-12-30 09:13:08,986: log_options() 'quotes_text_shadow = False'
INFO: 2022-12-30 09:13:08,986: log_options() 'quotes_vpos = 100'
INFO: 2022-12-30 09:13:08,986: log_options() 'quotes_width = 70'
INFO: 2022-12-30 09:13:08,986: log_options() 'safe_mode = False'
INFO: 2022-12-30 09:13:08,986: log_options() 'set_wallpaper_script = /home/max/.config/variety/scripts/set_wallpaper'
INFO: 2022-12-30 09:13:08,986: log_options() 'slideshow_custom_enabled = False'
INFO: 2022-12-30 09:13:08,986: log_options() 'slideshow_custom_folder = /home/max/Pictures'
INFO: 2022-12-30 09:13:08,986: log_options() 'slideshow_downloads_enabled = False'
INFO: 2022-12-30 09:13:08,986: log_options() 'slideshow_fade = 0.4'
INFO: 2022-12-30 09:13:08,986: log_options() 'slideshow_favorites_enabled = True'
INFO: 2022-12-30 09:13:08,986: log_options() 'slideshow_mode = Fullscreen'
INFO: 2022-12-30 09:13:08,986: log_options() 'slideshow_monitor = All'
INFO: 2022-12-30 09:13:08,986: log_options() 'slideshow_pan = 0.05'
INFO: 2022-12-30 09:13:08,986: log_options() 'slideshow_seconds = 6.0'
INFO: 2022-12-30 09:13:08,986: log_options() 'slideshow_sort_order = Random'
INFO: 2022-12-30 09:13:08,986: log_options() 'slideshow_sources_enabled = True'
INFO: 2022-12-30 09:13:08,986: log_options() 'slideshow_zoom = 0.2'
INFO: 2022-12-30 09:13:08,986: log_options() 'smart_enabled = False'
INFO: 2022-12-30 09:13:08,986: log_options() 'smart_notice_shown = False'
INFO: 2022-12-30 09:13:08,986: log_options() 'smart_register_shown = False'
INFO: 2022-12-30 09:13:08,986: log_options() 'sources = [[True, 'folder', '/home/max/.local/share/backgrounds'], [False, 'favorites', 'The Favorites folder'], [False, 'fetched', 'The Fetched folder'], [False, 'folder', '/usr/share/backgrounds'], [False, 'flickr', 'user:www.flickr.com/photos/peter-levi/;user_id:93647178@N00;'], [False, 'apod', "NASA's Astronomy Picture of the Day"], [False, 'bing', 'Bing Photo of the Day'], [False, 'earthview', 'Google Earth View Wallpapers'], [False, 'natgeo', "National Geographic's photo of the day"], [False, 'unsplash', 'High-resolution photos from Unsplash.com']]'
INFO: 2022-12-30 09:13:08,986: log_options() 'stats_enabled = True'
INFO: 2022-12-30 09:13:08,986: log_options() 'stats_notice_shown = False'
INFO: 2022-12-30 09:13:08,986: log_options() 'sync_enabled = True'
INFO: 2022-12-30 09:13:08,986: log_options() 'use_landscape_enabled = True'
INFO: 2022-12-30 09:13:08,986: log_options() 'wallhaven_api_key = '
INFO: 2022-12-30 09:13:08,986: log_options() 'wallpaper_auto_rotate = False'
INFO: 2022-12-30 09:13:08,986: log_options() 'wallpaper_display_mode = zoom'
INFO: 2022-12-30 09:13:08,986: reload_config() 'No need to clear prepared queue'
INFO: 2022-12-30 09:13:08,986: update_indicator() 'Setting file info to: /home/max/.local/share/backgrounds/Forest3.jpg'
INFO: 2022-12-30 09:13:08,987: prepare_thread() 'Prepared buffer contains 22 images'
INFO: 2022-12-30 09:13:09,087: do_set_wp() 'Calling do_set_wp with /home/max/.local/share/backgrounds/Forest3.jpg, time: 1672416789.0877638'
INFO: 2022-12-30 09:13:09,088: apply_display_mode() 'ImageMagick display mode cmd: convert /home/max/.local/share/backgrounds/Forest3.jpg -scale 3006x2004^  /home/max/.config/variety/wallpaper/wallpaper-zoomed-67991a10488f471eb11f2a483710376e.jpg'
INFO: 2022-12-30 09:13:09,318: update_indicator() 'Setting file info to: /home/max/.local/share/backgrounds/Forest3.jpg'
INFO: 2022-12-30 09:13:10,899: trigger_download() 'Triggering download thread to check if download needed and possible'
INFO: 2022-12-30 09:13:10,988: trigger_download() 'Triggering download thread to check if download needed and possible'
